\BOOKMARK [0][-]{dummy.2}{\376\377\000L\000i\000s\000t\001\003\000\040\000d\000e\000\040\000f\000i\000g\000u\000r\000i}{}% 1
\BOOKMARK [0][-]{chapter*.4}{\376\377\0001\000.\000\040\000I\000n\000t\000r\000o\000d\000u\000c\000e\000r\000e}{}% 2
\BOOKMARK [1][-]{section.5}{\376\377\0001\000.\0001\000\040\000A\000c\000t\000u\000a\000l\000i\000t\000a\000t\000e\000a\000\040\002\031\000i\000\040\000n\000e\000c\000e\000s\000i\000t\000a\000t\000e\000a\000\040\000t\000e\000m\000e\000i}{chapter*.4}% 3
\BOOKMARK [1][-]{section.6}{\376\377\0001\000.\0002\000\040\000P\000r\000o\000b\000l\000e\000m\000a\000\040\000p\000r\000o\000p\000u\000s\001\003}{chapter*.4}% 4
\BOOKMARK [1][-]{section.10}{\376\377\0001\000.\0003\000\040\000O\000b\000i\000e\000c\000t\000i\000v\000e\000l\000e\000\040\000l\000u\000c\000r\001\003\000r\000i\000i}{chapter*.4}% 5
\BOOKMARK [1][-]{section.11}{\376\377\0001\000.\0004\000\040\000S\000t\000r\000u\000c\000t\000u\000r\000a\000\040\000l\000u\000c\000r\001\003\000r\000i\000i}{chapter*.4}% 6
\BOOKMARK [0][-]{chapter*.12}{\376\377\0002\000.\000\040\000A\000r\000h\000i\000t\000e\000c\000u\000r\000a\000\040\000h\000a\000r\000d\000w\000a\000r\000e}{}% 7
\BOOKMARK [1][-]{section.13}{\376\377\0002\000.\0001\000\040\000P\000l\000a\000c\000a\000\040\000d\000e\000\040\000d\000e\000z\000v\000o\000l\000t\000a\000r\000e\000\040\000A\000r\000d\000u\000i\000n\000o\000\040\000U\000n\000o}{chapter*.12}% 8
\BOOKMARK [1][-]{section.21}{\376\377\0002\000.\0002\000\040\000P\000a\000c\000h\000e\000t\000u\000l\000\040\000d\000e\000\040\000s\000i\000n\000z\000o\000r\000i\000\040\000a\000c\000c\000e\000l\000e\000r\000o\000m\000e\000t\000r\000u\000,\000\040\000g\000i\000r\000o\000s\000c\000o\000p\000\040\002\031\000i\000\040\000m\000a\000g\000n\000e\000t\000o\000m\000e\000t\000r\000u\000\040\000\040\000A\000l\000t\000I\000M\000U\000-\0001\0000\000\040\000v\0004}{chapter*.12}% 9
\BOOKMARK [1][-]{section.23}{\376\377\0002\000.\0003\000\040\000C\000o\000n\000e\000c\000t\000a\000r\000e\000a\000\040\000A\000l\000t\000I\000M\000U\000-\0001\0000\000\040\000v\0004\000\040\000l\000a\000\040\000A\000r\000d\000u\000i\000n\000o\000\040\000U\000n\000o}{chapter*.12}% 10
\BOOKMARK [0][-]{chapter*.25}{\376\377\0003\000.\000\040\000A\000r\000h\000i\000t\000e\000c\000t\000u\000r\000a\000\040\000s\000o\000f\000t\000w\000a\000r\000e}{}% 11
\BOOKMARK [1][-]{section.26}{\376\377\0003\000.\0001\000\040\000P\000l\000a\000t\000f\000o\000r\000m\000a\000\040\000d\000e\000\040\000d\000e\000z\000v\000o\000l\000t\000a\000r\000e\000\040\000U\000n\000i\000t\000y\000\040\0003\000D}{chapter*.25}% 12
\BOOKMARK [2][-]{subsection.28}{\376\377\0003\000.\0001\000.\0001\000\040\000E\000d\000i\000t\000o\000r\000u\000l\000\040\000U\000n\000i\000t\000y}{section.26}% 13
\BOOKMARK [2][-]{subsection.30}{\376\377\0003\000.\0001\000.\0002\000\040\000C\000r\000e\000a\000r\000e\000a\000\040\000u\000n\000e\000i\000\040\000a\000n\000i\000m\000a\002\033\000i\000i\000\040\000\356\000n\000\040\000U\000n\000i\000t\000y\0003\000D}{section.26}% 14
\BOOKMARK [2][-]{subsection.32}{\376\377\0003\000.\0001\000.\0003\000\040\000C\000o\000n\000t\000r\000o\000l\000u\000l\000\040\000u\000n\000e\000i\000\040\000a\000n\000i\000m\000a\002\033\000i\000i\000\040\000\356\000n\000\040\000U\000n\000i\000t\000y}{section.26}% 15
\BOOKMARK [1][-]{section.50}{\376\377\0003\000.\0002\000\040\000L\000i\000m\000b\000a\000j\000u\000l\000\040\000d\000e\000\040\000p\000r\000o\000g\000r\000a\000m\000a\000r\000e\000\040\000s\000p\000e\000c\000i\000f\000i\000c\000\040\000p\000l\001\003\000c\000i\000i\000\040\000d\000e\000\040\000d\000e\000z\000v\000o\000l\000t\000a\000r\000e\000\040\000A\000r\000d\000u\000i\000n\000o}{chapter*.25}% 16
\BOOKMARK [2][-]{subsection.51}{\376\377\0003\000.\0002\000.\0001\000\040\000S\000t\000r\000u\000c\000t\000u\000r\000a\000\040\000l\000i\000m\000b\000a\000j\000u\000l\000u\000i\000\040\000a\000r\000d\000u\000i\000n\000o}{section.50}% 17
\BOOKMARK [2][-]{subsection.71}{\376\377\0003\000.\0002\000.\0002\000\040\000V\000i\000z\000u\000l\000a\000i\000z\000a\000r\000e\000a\000\040\000d\000a\000t\000e\000l\000o\000r\000\040\000\356\000n\000\040\000e\000d\000i\000o\000r\000u\000l\000\040\000a\000r\000d\000u\000i\000n\000o}{section.50}% 18
\BOOKMARK [1][-]{section.73}{\376\377\0003\000.\0003\000\040\000P\000l\000a\000t\000f\000o\000r\000m\000a\000\040\000M\000a\000t\000l\000a\000b}{chapter*.25}% 19
\BOOKMARK [2][-]{subsection.74}{\376\377\0003\000.\0003\000.\0001\000\040\000S\000t\000r\000u\000c\000t\000u\000r\000a\000\040\000s\000i\000s\000t\000e\000m\000u\000l\000u\000i\000\040\000M\000A\000T\000L\000A\000B\000\040}{section.73}% 20
\BOOKMARK [1][-]{section.76}{\376\377\0003\000.\0004\000\040\000C\000o\000n\000e\000x\000i\000u\000n\000e\000a\000\040\000d\000i\000n\000t\000r\000e\000\040\000A\000r\000d\000u\000i\000n\000o\000\040\002\031\000i\000\040\000c\000a\000l\000c\000u\000l\000a\000t\000o\000r}{chapter*.25}% 21
\BOOKMARK [2][-]{subsection.78}{\376\377\0003\000.\0004\000.\0001\000\040\000C\000o\000n\000e\000x\000i\000u\000n\000e\000a\000\040\000d\000i\000n\000t\000r\000e\000\040\000p\000l\000a\000c\000a\000\040\000d\000e\000\040\000d\000e\000z\000v\000o\000l\000a\000t\000r\000e\000\040\000A\000r\000d\000u\000i\000n\000o\000\040\002\031\000i\000\040\000U\000n\000i\000t\000y}{section.76}% 22
\BOOKMARK [2][-]{subsection.107}{\376\377\0003\000.\0004\000.\0002\000\040\000C\000o\000n\000e\000x\000i\000u\000n\000e\000a\000\040\000d\000i\000n\000t\000r\000e\000\040\000p\000l\000a\000c\000a\000\040\000d\000e\000\040\000d\000e\000z\000v\000o\000l\000a\000t\000r\000e\000\040\000A\000r\000d\000u\000i\000n\000o\000\040\002\031\000i\000\040\000M\000a\000t\000l\000a\000b}{section.76}% 23
\BOOKMARK [0][-]{chapter*.109}{\376\377\0004\000.\000\040\000C\000o\000n\000v\000e\000n\002\033\000i\000i\000l\000e\000\040\000o\000r\000i\000e\000n\000t\001\003\000r\000i\000i}{}% 24
\BOOKMARK [1][-]{section.110}{\376\377\0004\000.\0001\000\040\000U\000n\000g\000h\000i\000u\000r\000i\000l\000e\000\040\000l\000u\000i\000\040\000E\000u\000l\000e\000r}{chapter*.109}% 25
\BOOKMARK [1][-]{section.112}{\376\377\0004\000.\0002\000\040\000C\000u\000a\000t\000e\000r\000n\000i\000o\000n\000i\000i}{chapter*.109}% 26
\BOOKMARK [2][-]{subsection.115}{\376\377\0004\000.\0002\000.\0001\000\040\000N\000o\000r\000m\000a\000\040\000u\000n\000u\000i\000\040\000c\000u\000a\000t\000e\000r\000n\000i\000o\000n}{section.112}% 27
\BOOKMARK [2][-]{subsection.118}{\376\377\0004\000.\0002\000.\0002\000\040\000\316\000n\000m\000u\000l\002\033\000i\000r\000e\000a}{section.112}% 28
\BOOKMARK [2][-]{subsection.122}{\376\377\0004\000.\0002\000.\0003\000\040\000V\000e\000c\000t\000o\000r\000u\000l\000\040\000d\000e\000\040\000r\000o\000t\000a\002\033\000i\000e}{section.112}% 29
\BOOKMARK [2][-]{subsection.126}{\376\377\0004\000.\0002\000.\0004\000\040\000D\000e\000r\000i\000v\000a\000t\000a\000\040\000u\000n\000u\000i\000\040\000c\000u\000a\000t\000e\000r\000n\000i\000o\000n}{section.112}% 30
\BOOKMARK [2][-]{subsection.128}{\376\377\0004\000.\0002\000.\0005\000\040\000D\000e\000t\000e\000r\000m\000i\000n\000a\000r\000e\000a\000\040\000u\000n\000g\000h\000i\000u\000r\000i\000l\000o\000r\000\040\000l\000u\000i\000\040\000E\000u\000l\000e\000r\000\040\000p\000e\000\040\000b\000a\000z\000a\000\040\000c\000u\000a\000t\000e\000r\000n\000i\000o\000n\000i\000l\000o\000r}{section.112}% 31
\BOOKMARK [0][-]{chapter*.132}{\376\377\0005\000.\000\040\000F\000i\000l\000t\000r\000a\000r\000e\000a\000\040\000d\000a\000t\000e\000l\000o\000r}{}% 32
\BOOKMARK [1][-]{section.133}{\376\377\0005\000.\0001\000\040\000F\000i\000l\000t\000r\000u\000l\000\040\000K\000a\000l\000m\000a\000n}{chapter*.132}% 33
\BOOKMARK [2][-]{subsection.134}{\376\377\0005\000.\0001\000.\0001\000\040\000P\000r\000e\000d\000i\000c\002\033\000i\000a}{section.133}% 34
\BOOKMARK [2][-]{subsection.137}{\376\377\0005\000.\0001\000.\0002\000\040\000M\001\003\000s\000u\000r\000a\000r\000e\000a}{section.133}% 35
\BOOKMARK [2][-]{subsection.140}{\376\377\0005\000.\0001\000.\0003\000\040\000A\000s\000o\000c\000i\000e\000r\000e\000a\000\040\000d\000a\000t\000e\000l\000o\000r}{section.133}% 36
\BOOKMARK [2][-]{subsection.142}{\376\377\0005\000.\0001\000.\0004\000\040\000C\000o\000r\000e\000c\002\033\000i\000e}{section.133}% 37
\BOOKMARK [2][-]{subsection.146}{\376\377\0005\000.\0001\000.\0005\000\040\000V\000e\000c\000t\000o\000r\000u\000l\000\040\000d\000e\000\040\000s\000t\000a\000r\000e}{section.133}% 38
\BOOKMARK [2][-]{subsection.148}{\376\377\0005\000.\0001\000.\0006\000\040\000P\000r\000e\000d\000i\000c\002\033\000i\000a\000\040\000m\000o\000d\000e\000l\000u\000l\000u\000i\000\040\002\031\000i\000\040\000m\001\003\000s\000u\000r\001\003\000t\000o\000r\000i\000l\000e\000\040\000m\000o\000d\000e\000l\000u\000l\000u\000i\000\040\000o\000r\000i\000e\000n\000t\001\003\000r\000i\000i\000\040}{section.133}% 39
\BOOKMARK [1][-]{section.150}{\376\377\0005\000.\0002\000\040\000D\000e\000z\000a\000v\000a\000n\000t\000a\000j\000e\000l\000e\000\040\000f\000o\000l\000o\000s\000i\000r\000i\000i\000\040\000f\000i\000l\000t\000r\000u\000l\000u\000i\000\040\000K\000a\000l\000m\000a\000n\000\040\000l\000i\000n\000i\000a\000r}{chapter*.132}% 40
\BOOKMARK [1][-]{section.151}{\376\377\0005\000.\0003\000\040\000F\000i\000l\000t\000r\000u\000l\000\040\000K\000a\000l\000m\000a\000n\000\040\000e\000x\000t\000i\000n\000s}{chapter*.132}% 41
\BOOKMARK [2][-]{subsection.152}{\376\377\0005\000.\0003\000.\0001\000\040\000V\000e\000c\000t\000o\000r\000u\000l\000\040\000d\000e\000\040\000s\000t\000a\000r\000e}{section.151}% 42
\BOOKMARK [2][-]{subsection.155}{\376\377\0005\000.\0003\000.\0002\000\040\000F\000o\000r\000m\000u\000l\000a\000r\000e\000a\000\040\000m\000o\000d\000e\000l\000u\000l\000u\000i\000\040\000p\000r\000e\000d\000i\000c\002\033\000i\000e\000i}{section.151}% 43
\BOOKMARK [2][-]{subsection.160}{\376\377\0005\000.\0003\000.\0003\000\040\000F\000o\000r\000m\000u\000l\000a\000r\000e\000a\000\040\000m\000o\000d\000e\000l\000u\000l\000u\000i\000\040\000m\001\003\000s\000u\000r\001\003\000t\000o\000r\000i\000l\000o\000r}{section.151}% 44
\BOOKMARK [3][-]{subsubsection.162}{\376\377\0005\000.\0003\000.\0003\000.\0001\000\040\000M\000a\000p\000a\000r\000e\000a\000\040\000p\000a\000r\000a\000m\000e\000t\000r\000i\000l\000o\000r\000\040\000a\000c\000c\000e\000l\000e\000r\000o\000m\000e\000t\000r\000u\000l\000u\000i}{subsection.160}% 45
\BOOKMARK [3][-]{subsubsection.164}{\376\377\0005\000.\0003\000.\0003\000.\0002\000\040\000M\000a\000p\000a\000r\000e\000a\000\040\000p\000a\000r\000a\000m\000e\000t\000r\000i\000l\000o\000r\000\040\000m\000a\000g\000n\000e\000t\000o\000m\000e\000t\000r\000u\000l\000u\000i}{subsection.160}% 46
\BOOKMARK [2][-]{subsection.171}{\376\377\0005\000.\0003\000.\0004\000\040\000M\000a\000t\000r\000i\000c\000e\000l\000e\000\040\000d\000e\000\040\000c\000o\000v\000a\000r\000i\000a\000n\002\033\001\003}{section.151}% 47
\BOOKMARK [2][-]{subsection.174}{\376\377\0005\000.\0003\000.\0005\000\040\000E\000c\000u\000a\002\033\000i\000i\000l\000e\000\040\000f\000i\000l\000t\000r\000u\000l\000u\000i\000\040\000K\000a\000l\000m\000a\000n\000\040\000e\000x\000t\000i\000n\000s}{section.151}% 48
\BOOKMARK [0][-]{chapter*.176}{\376\377\0006\000.\000\040\000D\000e\000t\000e\000r\000m\000i\000n\000a\000r\000e\000a\000\040\000o\000r\000i\000e\000n\000t\001\003\000r\000i\000i\000\040\000p\000e\000\040\000b\000a\000z\000a\000\040\000f\000i\000l\000t\000r\000u\000l\000u\000i\000\040\000A\000H\000R\000S}{}% 49
\BOOKMARK [1][-]{section.177}{\376\377\0006\000.\0001\000\040\000F\000i\000l\000t\000r\000u\000l\000\040\000A\000H\000R\000S}{chapter*.176}% 50
\BOOKMARK [1][-]{section.178}{\376\377\0006\000.\0002\000\040\000P\000r\000i\000n\000c\000i\000p\000i\000i\000l\000e\000\040\000f\000o\000l\000o\000s\000i\000t\000e\000\040\000\356\000n\000\040\000f\000i\000l\000t\000r\000u\000l\000\040\000A\000H\000R\000S}{chapter*.176}% 51
\BOOKMARK [2][-]{subsection.179}{\376\377\0006\000.\0002\000.\0001\000\040\000O\000r\000i\000e\000n\000t\000a\000r\000e\000a\000\040\000p\000e\000\040\000b\000a\000z\000a\000\040\000v\000i\000t\000e\000z\000e\000i\000\040\000u\000n\000g\000h\000i\000u\000l\000a\000r\000e}{section.178}% 52
\BOOKMARK [2][-]{subsection.184}{\376\377\0006\000.\0002\000.\0002\000\040\000O\000r\000i\000e\000n\000t\000a\000r\000e\000a\000\040\000p\000e\000\040\000b\000a\000z\000a\000\040\000v\000e\000c\000t\000o\000r\000u\000l\000u\000i\000\040\000m\001\003\000s\000u\000r\001\003\000t\000o\000r\000i\000l\000o\000r}{section.178}% 53
\BOOKMARK [2][-]{subsection.203}{\376\377\0006\000.\0002\000.\0003\000\040\000F\000u\000z\000i\000u\000n\000e\000a\000\040\000c\000e\000l\000o\000r\000\040\000d\000o\000u\001\003\000\040\000m\000e\000t\000o\000d\000e\000\040\000d\000e\000\040\000d\000e\000t\000e\000r\000m\000i\000a\000n\000r\000e\000\040\000a\000\040\000o\000r\000i\000e\000n\000t\001\003\000r\000i\000i}{section.178}% 54
\BOOKMARK [2][-]{subsection.213}{\376\377\0006\000.\0002\000.\0004\000\040\000C\000o\000m\000p\000e\000n\000s\000a\000r\000e\000a\000\040\000d\000e\000f\000o\000r\000m\001\003\000r\000i\000i\000\040\000m\000a\000g\000n\000e\000t\000i\000c\000e}{section.178}% 55
\BOOKMARK [2][-]{subsection.216}{\376\377\0006\000.\0002\000.\0005\000\040\000C\000o\000n\000t\000r\000o\000l\000u\000l\000\040\000i\000m\000p\000l\000i\000c\001\003\000r\000i\000i\000\040\000e\000r\000o\000r\000i\000i\000\040\000f\000u\000r\000n\000i\000z\000a\000t\000e\000\040\000d\000e\000\040\000g\000i\000r\000o\000s\000c\000o\000p}{section.178}% 56
\BOOKMARK [0][-]{chapter*.221}{\376\377\0007\000.\000\040\000R\000e\000z\000u\000l\000t\000a\000t\000e\000\040\000e\000x\000p\000e\000r\000i\000m\000e\000n\000t\000a\000l\000e}{}% 57
\BOOKMARK [1][-]{section.222}{\376\377\0007\000.\0001\000\040\000A\000n\000a\000l\000i\000z\000a\000\040\000d\000a\000t\000e\000l\000o\000r\000\040\000c\000i\000t\000i\000t\000e\000\040\000d\000e\000\040\000s\000e\000n\000z\000o\000r\000i\000i\000\040\000i\000n\000e\000r\002\033\000i\000a\000l\000i}{chapter*.221}% 58
\BOOKMARK [2][-]{subsection.223}{\376\377\0007\000.\0001\000.\0001\000\040\000A\000n\000a\000l\000i\000z\000a\000\040\000p\000a\000r\000a\000m\000e\000t\000r\000i\000l\000o\000r\000\040\000\356\000n\000\040\000r\000e\000g\000i\000m\000\040\000s\000t\000a\000t\000i\000c}{section.222}% 59
\BOOKMARK [2][-]{subsection.226}{\376\377\0007\000.\0001\000.\0002\000\040\000A\000n\000a\000l\000i\000z\000a\000\040\000d\000a\000t\000e\000l\000o\000r\000\040\000d\000e\000\040\000i\000n\000t\000r\000e\000\040\000\356\000n\000\040\000r\000e\000g\000i\000m\000\040\000d\000i\000n\000a\000m\000i\000c}{section.222}% 60
\BOOKMARK [1][-]{section.229}{\376\377\0007\000.\0002\000\040\000R\000e\000z\000u\000l\000t\000a\000t\000e\000l\000e\000\040\000a\000l\000g\000o\000r\000i\000t\000m\000i\000l\000o\000r\000\040\000d\000e\000\040\000d\000e\000t\000e\000r\000m\000i\000n\000a\000r\000e\000\040\000a\000\040\000o\000r\000i\000e\000n\000t\001\003\000r\000i\000i}{chapter*.221}% 61
\BOOKMARK [2][-]{subsection.230}{\376\377\0007\000.\0002\000.\0001\000\040\000R\000e\000z\000u\000l\000t\000a\000t\000e\000l\000e\000\040\000d\000e\000t\000e\000r\000m\000i\000n\001\003\000r\000i\000i\000\040\000o\000r\000i\000e\000n\000t\001\003\000r\000i\000i\000\040\000p\000e\000\040\000b\000a\000z\000a\000\040\000u\000n\000g\000h\000i\000u\000r\000i\000l\000o\000r\000\040\000l\000u\000i\000\040\000E\000u\000l\000e\000r\000\040\002\031\000i\000\040\000a\000\040\000f\000i\000l\000t\000r\000u\000l\000u\000i\000\040\000A\000H\000R\000S}{section.229}% 62
\BOOKMARK [3][-]{subsubsection.231}{\376\377\0007\000.\0002\000.\0001\000.\0001\000\040\000R\000e\000z\000u\000l\000t\000a\000t\000e\000l\000e\000\040\000d\000e\000t\000e\000r\000m\000i\000n\001\003\000r\000i\000i\000\040\000o\000r\000i\000e\000n\000t\001\003\000r\000i\000i\000\040\000\356\000n\000\040\000r\000e\000g\000i\000m\000\040\000s\000t\000a\000t\000i\000c}{subsection.230}% 63
\BOOKMARK [3][-]{subsubsection.235}{\376\377\0007\000.\0002\000.\0001\000.\0002\000\040\000R\000e\000z\000u\000l\000t\000a\000t\000e\000l\000e\000\040\000d\000e\000t\000e\000r\000m\000i\000n\001\003\000r\000i\000i\000\040\000o\000r\000i\000e\000n\000t\001\003\000r\000i\000i\000\040\000\356\000n\000\040\000r\000e\000g\000i\000m\000\040\000d\000i\000n\000a\000m\000i\000c}{subsection.230}% 64
\BOOKMARK [0][-]{chapter*.240}{\376\377\0008\000.\000\040\000C\000o\000n\000c\000l\000u\000z\000i\000i\000\040\002\031\000i\000\040\000d\000e\000z\000v\000o\000l\000t\001\003\000r\000i\000\040\000u\000l\000t\000e\000r\000i\000o\000a\000r\000e}{}% 65
\BOOKMARK [1][-]{section.241}{\376\377\0008\000.\0001\000\040\000C\000o\000n\000c\000l\000u\000z\000i\000i\000l\000e\000\040\000p\000r\000o\000i\000e\000c\000t\000u\000l\000u\000i}{chapter*.240}% 66
\BOOKMARK [1][-]{section.242}{\376\377\0008\000.\0002\000\040\000D\000i\000r\000e\000c\002\033\000i\000i\000\040\000d\000e\000\040\000d\000e\000z\000v\000o\000l\000t\000a\000r\000e\000\040\000u\000l\000t\000e\000r\000i\000o\000a\000r\001\003}{chapter*.240}% 67
